2024-01-10 10:59:48 - 4_CL26_BLOQANT_MV_Enero_24_UNICUENTA_TCON_20240110.csv
2024-01-10 10:59:49 - 3_CL20_BLOQANT_FJ_Enero_24_UNICUENTA_TCON_20240110.csv
2024-01-10 10:59:48 - 3_CL26_1FACT_FJ_Enero_24_UNICUENTA_TCON_20240110.csv
2024-01-10 10:59:49 - 4_CL26_1FACT_MV_Enero_24_UNICUENTA_TCON_20240110.csv
2024-01-10 15:06:41 - 3_CL1_1FACT_FJ_Febrero_24_UNICUENTA_TCON_20240110.csv
2024-01-10 10:59:48 - 4_CL20_BLOQANT_MV_Enero_24_UNICUENTA_TCON_20240110.csv
2024-01-10 10:59:49 - 3_CL20_1FACT_FJ_Enero_24_UNICUENTA_TCON_20240110.csv
2024-01-10 10:59:47 - 4_CL1_BLOQANT_MV_Febrero_24_UNICUENTA_TCON_20240110.csv
2024-01-10 10:59:49 - 4_CL20_1FACT_MV_Enero_24_UNICUENTA_TCON_20240110.csv
2024-01-10 10:59:47 - 4_CL5_1FACT_MV_Febrero_24_UNICUENTA_TCON_20240110.csv
2024-01-10 10:59:48 - 4_CL23_BLOQANT_MV_Enero_24_UNICUENTA_TCON_20240110.csv
2024-01-10 10:59:47 - 4_CL1_1FACT_MV_Febrero_24_UNICUENTA_TCON_20240110.csv
2024-01-10 10:48:49 - 4_CL20_1FACT_MV_Enero_24_UNICUENTA_TCON_20240102.csv
2024-01-10 10:48:49 - 4_CL20_BLOQANT_MV_Enero_24_UNICUENTA_TCON_20240102.csv
2024-01-10 10:48:49 - 4_CL23_1FACT_MV_Enero_24_UNICUENTA_TCON_20240102.csv
2024-01-10 10:53:57 - 4_CL20_BLOQANT_MV_Enero_24_UNICUENTA_TCON_20240103.csv
2024-01-10 10:53:57 - 4_CL20_1FACT_MV_Enero_24_UNICUENTA_TCON_20240103.csv
2024-01-10 10:53:57 - 4_CL23_BLOQANT_MV_Enero_24_UNICUENTA_TCON_20240103.csv
2024-01-10 10:53:57 - 3_CL23_1FACT_FJ_Enero_24_UNICUENTA_TCON_20240103.csv
2024-01-10 10:53:57 - 3_CL20_1FACT_FJ_Enero_24_UNICUENTA_TCON_20240103.csv
2024-01-10 10:53:57 - 4_CL23_1FACT_MV_Enero_24_UNICUENTA_TCON_20240103.csv
2024-01-10 10:53:57 - 3_CL26_1FACT_FJ_Enero_24_UNICUENTA_TCON_20240103.csv
2024-01-10 10:53:57 - 4_CL26_1FACT_MV_Enero_24_UNICUENTA_TCON_20240103.csv
2024-01-10 10:55:07 - 3_CL23_1FACT_FJ_Enero_24_UNICUENTA_TCON_20240104.csv
2024-01-10 10:55:07 - 4_CL23_1FACT_MV_Enero_24_UNICUENTA_TCON_20240104.csv
2024-01-10 10:55:07 - 2_CL9_2FACT_MV_Enero_24_UNICUENTA_TCON_20240104.csv
2024-01-10 10:55:07 - 3_CL20_1FACT_FJ_Enero_24_UNICUENTA_TCON_20240104.csv
2024-01-10 10:56:23 - 3_CL20_1FACT_FJ_Enero_24_UNICUENTA_TCON_20240105.csv
2024-01-10 10:56:23 - 4_CL23_BLOQANT_MV_Enero_24_UNICUENTA_TCON_20240105.csv
2024-01-10 10:56:23 - 4_CL23_1FACT_MV_Enero_24_UNICUENTA_TCON_20240105.csv
2024-01-10 10:56:23 - 3_CL20_BLOQANT_FJ_Enero_24_UNICUENTA_TCON_20240105.csv
2024-01-10 10:56:23 - 3_CL23_1FACT_FJ_Enero_24_UNICUENTA_TCON_20240105.csv
2024-01-10 10:56:57 - 3_CL23_1FACT_FJ_Enero_24_UNICUENTA_TCON_20240106.csv
2024-01-10 10:56:57 - 3_CL20_BLOQANT_FJ_Enero_24_UNICUENTA_TCON_20240106.csv
2024-01-10 10:56:57 - 4_CL20_1FACT_MV_Enero_24_UNICUENTA_TCON_20240106.csv
2024-01-10 10:56:57 - 3_CL20_1FACT_FJ_Enero_24_UNICUENTA_TCON_20240106.csv
2024-01-10 10:56:57 - 4_CL23_BLOQANT_MV_Enero_24_UNICUENTA_TCON_20240106.csv
2024-01-10 10:57:35 - 3_CL23_1FACT_FJ_Enero_24_UNICUENTA_TCON_20240107.csv
2024-01-10 10:57:35 - 3_CL20_1FACT_FJ_Enero_24_UNICUENTA_TCON_20240107.csv
2024-01-10 10:57:35 - 3_CL20_BLOQANT_FJ_Enero_24_UNICUENTA_TCON_20240107.csv
2024-01-10 10:57:35 - 4_CL23_1FACT_MV_Enero_24_UNICUENTA_TCON_20240107.csv
2024-01-10 10:58:27 - 4_CL26_BLOQANT_MV_Enero_24_UNICUENTA_TCON_20240109.csv
2024-01-10 10:58:27 - 3_CL23_BLOQANT_FJ_Enero_24_UNICUENTA_TCON_20240109.csv
2024-01-10 10:58:27 - 4_CL26_1FACT_MV_Enero_24_UNICUENTA_TCON_20240109.csv