2023-12-19 17:00:25 - PagosRR_Totales_C_SOLUTIONS_12_1.txt
2023-12-16 07:36:00 - PagosRR_Totales_C_SOLUTIONS_16.txt
2023-12-15 17:18:00 - PagosRR_Totales_C_SOLUTIONS_15.txt
2023-12-19 17:02:30 - PagosRR_Totales_C_SOLUTIONS_18.txt
2023-12-19 16:59:57 - PagosRR_Totales_C_SOLUTIONS_12.txt
2023-12-20 17:57:22 - PagosRR_Totales_C_SOLUTIONS_19_2.txt
2023-12-19 16:59:44 - PagosRR_Totales_C_SOLUTIONS_11.txt
2023-12-19 17:00:54 - PagosRR_Totales_C_SOLUTIONS_14.txt
2023-12-19 16:59:30 - PagosRR_Totales_C_SOLUTIONS_04.txt
2023-12-19 16:58:55 - PagosRR_Totales_C_SOLUTIONS_07.txt
2023-12-19 17:00:39 - PagosRR_Totales_C_SOLUTIONS_13.txt
2023-12-19 17:03:07 - PagosRR_Totales_C_SOLUTIONS_19.txt
2023-12-19 17:01:36 - PagosRR_Totales_C_SOLUTIONS_15 (1).txt
2023-12-19 17:01:07 - PagosRR_Totales_C_SOLUTIONS_15 (2).txt
2023-12-20 07:59:02 - PagosRR_Totales_C_SOLUTIONS_19_1.txt
2023-12-19 16:58:06 - PagosRR_Totales_C_SOLUTIONS_01.txt
2023-12-28 11:31:07 - PagosRR_Totales_C_SOLUTIONS_19_2.txt
2023-11-22 08:08:10 - PagosRR_Totales_C_SOLUTIONS_22_11_2023.txt
2023-11-23 07:59:05 - PagosRR_Totales_C_SOLUTIONS_23_11_2023.txt
2023-11-11 08:10:31 - PagosRR_Totales_C_SOLUTIONS_11_11_2023.txt
2023-11-17 09:25:59 - PagosRR_Totales_C_SOLUTIONS_17_11_2023.txt
2023-11-01 14:27:44 - PagosRR_Totales_C_SOLUTIONS_31_10_2023.txt
2023-11-03 09:21:54 - PagosRR_Totales_C_SOLUTIONS_03_11_2023.txt
2023-11-18 08:04:55 - PagosRR_Totales_C_SOLUTIONS_18_11_2023.txt
2023-11-25 06:58:02 - PagosRR_Totales_C_SOLUTIONS_25_11_2023.txt
2023-11-10 08:21:36 - PagosRR_Totales_C_SOLUTIONS_10_11_2023.txt
2023-11-16 07:57:43 - PagosRR_Totales_C_SOLUTIONS_16_11_2023.txt
2023-11-14 08:00:13 - PagosRR_Totales_C_SOLUTIONS_14_11_2023.txt
2023-11-29 07:52:48 - PagosRR_Totales_C_SOLUTIONS_29_11_2023.txt
2023-11-09 09:05:07 - PagosRR_Totales_C_SOLUTIONS_09_11_2023.txt
2023-11-24 07:57:36 - PagosRR_Totales_C_SOLUTIONS_24_11_2023.txt
2023-11-08 08:26:19 - PagosRR_Totales_C_SOLUTIONS_08_11_2023.txt
2023-11-07 08:11:19 - PagosRR_Totales_C_SOLUTIONS_07_11_2023.txt
2023-11-28 08:36:50 - PagosRR_Totales_C_SOLUTIONS_28_11_2023.txt
2023-11-15 08:59:12 - PagosRR_Totales_C_SOLUTIONS_15_11_2023.txt
2023-11-30 07:53:10 - PagosRR_Totales_C_SOLUTIONS_30_11_2023.txt
2023-11-20 07:34:29 - PagosRR_Totales_C_SOLUTIONS_20_11_2023.txt
2023-11-21 15:31:39 - PagosRR_Totales_C_SOLUTIONS_21_11_2023_.txt
2023-11-21 08:42:24 - PagosRR_Totales_C_SOLUTIONS_21_11_2023.txt
2023-11-03 08:19:03 - PagosRR_Totales_C_SOLUTIONS_01_11_2023.txt
2023-11-27 07:47:56 - PagosRR_Totales_C_SOLUTIONS_27_11_2023.txt
2023-12-01 11:29:18 - PagosRR_Totales_C_SOLUTIONS_01_12_2023.txt